<?xml version="1.0" encoding="UTF-8"?>
<testsuite xmlns:xsi="http://www.w3.org/2001/XMLSchema-instance" xsi:noNamespaceSchemaLocation="https://maven.apache.org/surefire/maven-surefire-plugin/xsd/surefire-test-report-3.0.xsd" version="3.0" name="fr.imt.coffee.machine.component.ElectricalResistanceTest" time="8.81" tests="2" errors="0" skipped="0" failures="0">
  <properties>
    <property name="java.specification.version" value="17"/>
    <property name="sun.cpu.isalist" value="amd64"/>
    <property name="sun.jnu.encoding" value="Cp1252"/>
    <property name="java.class.path" value="D:\imt\s9\cours-qualite-2024\coffee-machine\target\test-classes;D:\imt\s9\cours-qualite-2024\coffee-machine\target\classes;D:\imt\s9\cours-qualite-2024\coffee-storage\target\coffee-storage-1.0-SNAPSHOT.jar;C:\Users\eyous\.m2\repository\org\junit\jupiter\junit-jupiter-api\5.9.1\junit-jupiter-api-5.9.1.jar;C:\Users\eyous\.m2\repository\org\opentest4j\opentest4j\1.2.0\opentest4j-1.2.0.jar;C:\Users\eyous\.m2\repository\org\junit\platform\junit-platform-commons\1.9.1\junit-platform-commons-1.9.1.jar;C:\Users\eyous\.m2\repository\org\apiguardian\apiguardian-api\1.1.2\apiguardian-api-1.1.2.jar;C:\Users\eyous\.m2\repository\org\apache\logging\log4j\log4j-core\2.20.0\log4j-core-2.20.0.jar;C:\Users\eyous\.m2\repository\org\apache\logging\log4j\log4j-api\2.20.0\log4j-api-2.20.0.jar;C:\Users\eyous\.m2\repository\org\hamcrest\hamcrest\2.2\hamcrest-2.2.jar;C:\Users\eyous\.m2\repository\io\cucumber\cucumber-java\7.0.0\cucumber-java-7.0.0.jar;C:\Users\eyous\.m2\repository\io\cucumber\cucumber-core\7.0.0\cucumber-core-7.0.0.jar;C:\Users\eyous\.m2\repository\io\cucumber\cucumber-gherkin\7.0.0\cucumber-gherkin-7.0.0.jar;C:\Users\eyous\.m2\repository\io\cucumber\cucumber-gherkin-messages\7.0.0\cucumber-gherkin-messages-7.0.0.jar;C:\Users\eyous\.m2\repository\io\cucumber\messages\17.1.1\messages-17.1.1.jar;C:\Users\eyous\.m2\repository\io\cucumber\tag-expressions\4.0.2\tag-expressions-4.0.2.jar;C:\Users\eyous\.m2\repository\io\cucumber\cucumber-expressions\13.0.1\cucumber-expressions-13.0.1.jar;C:\Users\eyous\.m2\repository\io\cucumber\datatable\7.0.0\datatable-7.0.0.jar;C:\Users\eyous\.m2\repository\io\cucumber\cucumber-plugin\7.0.0\cucumber-plugin-7.0.0.jar;C:\Users\eyous\.m2\repository\io\cucumber\docstring\7.0.0\docstring-7.0.0.jar;C:\Users\eyous\.m2\repository\io\cucumber\html-formatter\17.0.0\html-formatter-17.0.0.jar;C:\Users\eyous\.m2\repository\io\cucumber\create-meta\6.0.1\create-meta-6.0.1.jar;C:\Users\eyous\.m2\repository\io\cucumber\cucumber-junit\7.0.0\cucumber-junit-7.0.0.jar;C:\Users\eyous\.m2\repository\junit\junit\4.13.2\junit-4.13.2.jar;C:\Users\eyous\.m2\repository\org\hamcrest\hamcrest-core\1.3\hamcrest-core-1.3.jar;C:\Users\eyous\.m2\repository\org\mockito\mockito-core\4.0.0\mockito-core-4.0.0.jar;C:\Users\eyous\.m2\repository\net\bytebuddy\byte-buddy\1.11.19\byte-buddy-1.11.19.jar;C:\Users\eyous\.m2\repository\net\bytebuddy\byte-buddy-agent\1.11.19\byte-buddy-agent-1.11.19.jar;C:\Users\eyous\.m2\repository\org\objenesis\objenesis\3.2\objenesis-3.2.jar;"/>
    <property name="java.vm.vendor" value="Oracle Corporation"/>
    <property name="sun.arch.data.model" value="64"/>
    <property name="user.variant" value=""/>
    <property name="java.vendor.url" value="https://java.oracle.com/"/>
    <property name="user.timezone" value="Europe/Paris"/>
    <property name="os.name" value="Windows 11"/>
    <property name="java.vm.specification.version" value="17"/>
    <property name="sun.java.launcher" value="SUN_STANDARD"/>
    <property name="user.country" value="US"/>
    <property name="sun.boot.library.path" value="D:\java\jdk-17.0.10\bin"/>
    <property name="sun.java.command" value="C:\Users\eyous\AppData\Local\Temp\surefire13130075813742397043\surefirebooter-20241207164239164_3.jar C:\Users\eyous\AppData\Local\Temp\surefire13130075813742397043 2024-12-07T16-42-37_953-jvmRun1 surefire-20241207164239164_1tmp surefire_0-20241207164239164_2tmp"/>
    <property name="jdk.debug" value="release"/>
    <property name="surefire.test.class.path" value="D:\imt\s9\cours-qualite-2024\coffee-machine\target\test-classes;D:\imt\s9\cours-qualite-2024\coffee-machine\target\classes;D:\imt\s9\cours-qualite-2024\coffee-storage\target\coffee-storage-1.0-SNAPSHOT.jar;C:\Users\eyous\.m2\repository\org\junit\jupiter\junit-jupiter-api\5.9.1\junit-jupiter-api-5.9.1.jar;C:\Users\eyous\.m2\repository\org\opentest4j\opentest4j\1.2.0\opentest4j-1.2.0.jar;C:\Users\eyous\.m2\repository\org\junit\platform\junit-platform-commons\1.9.1\junit-platform-commons-1.9.1.jar;C:\Users\eyous\.m2\repository\org\apiguardian\apiguardian-api\1.1.2\apiguardian-api-1.1.2.jar;C:\Users\eyous\.m2\repository\org\apache\logging\log4j\log4j-core\2.20.0\log4j-core-2.20.0.jar;C:\Users\eyous\.m2\repository\org\apache\logging\log4j\log4j-api\2.20.0\log4j-api-2.20.0.jar;C:\Users\eyous\.m2\repository\org\hamcrest\hamcrest\2.2\hamcrest-2.2.jar;C:\Users\eyous\.m2\repository\io\cucumber\cucumber-java\7.0.0\cucumber-java-7.0.0.jar;C:\Users\eyous\.m2\repository\io\cucumber\cucumber-core\7.0.0\cucumber-core-7.0.0.jar;C:\Users\eyous\.m2\repository\io\cucumber\cucumber-gherkin\7.0.0\cucumber-gherkin-7.0.0.jar;C:\Users\eyous\.m2\repository\io\cucumber\cucumber-gherkin-messages\7.0.0\cucumber-gherkin-messages-7.0.0.jar;C:\Users\eyous\.m2\repository\io\cucumber\messages\17.1.1\messages-17.1.1.jar;C:\Users\eyous\.m2\repository\io\cucumber\tag-expressions\4.0.2\tag-expressions-4.0.2.jar;C:\Users\eyous\.m2\repository\io\cucumber\cucumber-expressions\13.0.1\cucumber-expressions-13.0.1.jar;C:\Users\eyous\.m2\repository\io\cucumber\datatable\7.0.0\datatable-7.0.0.jar;C:\Users\eyous\.m2\repository\io\cucumber\cucumber-plugin\7.0.0\cucumber-plugin-7.0.0.jar;C:\Users\eyous\.m2\repository\io\cucumber\docstring\7.0.0\docstring-7.0.0.jar;C:\Users\eyous\.m2\repository\io\cucumber\html-formatter\17.0.0\html-formatter-17.0.0.jar;C:\Users\eyous\.m2\repository\io\cucumber\create-meta\6.0.1\create-meta-6.0.1.jar;C:\Users\eyous\.m2\repository\io\cucumber\cucumber-junit\7.0.0\cucumber-junit-7.0.0.jar;C:\Users\eyous\.m2\repository\junit\junit\4.13.2\junit-4.13.2.jar;C:\Users\eyous\.m2\repository\org\hamcrest\hamcrest-core\1.3\hamcrest-core-1.3.jar;C:\Users\eyous\.m2\repository\org\mockito\mockito-core\4.0.0\mockito-core-4.0.0.jar;C:\Users\eyous\.m2\repository\net\bytebuddy\byte-buddy\1.11.19\byte-buddy-1.11.19.jar;C:\Users\eyous\.m2\repository\net\bytebuddy\byte-buddy-agent\1.11.19\byte-buddy-agent-1.11.19.jar;C:\Users\eyous\.m2\repository\org\objenesis\objenesis\3.2\objenesis-3.2.jar;"/>
    <property name="sun.cpu.endian" value="little"/>
    <property name="user.home" value="C:\Users\eyous"/>
    <property name="user.language" value="en"/>
    <property name="java.specification.vendor" value="Oracle Corporation"/>
    <property name="java.version.date" value="2024-01-16"/>
    <property name="java.home" value="D:\java\jdk-17.0.10"/>
    <property name="file.separator" value="\"/>
    <property name="basedir" value="D:\imt\s9\cours-qualite-2024\coffee-machine"/>
    <property name="java.vm.compressedOopsMode" value="Zero based"/>
    <property name="line.separator" value="&#10;"/>
    <property name="java.vm.specification.vendor" value="Oracle Corporation"/>
    <property name="java.specification.name" value="Java Platform API Specification"/>
    <property name="surefire.real.class.path" value="C:\Users\eyous\AppData\Local\Temp\surefire13130075813742397043\surefirebooter-20241207164239164_3.jar"/>
    <property name="user.script" value=""/>
    <property name="sun.management.compiler" value="HotSpot 64-Bit Tiered Compilers"/>
    <property name="java.runtime.version" value="17.0.10+11-LTS-240"/>
    <property name="user.name" value="eyous"/>
    <property name="path.separator" value=";"/>
    <property name="os.version" value="10.0"/>
    <property name="java.runtime.name" value="Java(TM) SE Runtime Environment"/>
    <property name="file.encoding" value="Cp1252"/>
    <property name="java.vm.name" value="Java HotSpot(TM) 64-Bit Server VM"/>
    <property name="localRepository" value="C:\Users\eyous\.m2\repository"/>
    <property name="java.vendor.url.bug" value="https://bugreport.java.com/bugreport/"/>
    <property name="java.io.tmpdir" value="C:\Users\eyous\AppData\Local\Temp\"/>
    <property name="java.version" value="17.0.10"/>
    <property name="user.dir" value="D:\imt\s9\cours-qualite-2024\coffee-machine"/>
    <property name="os.arch" value="amd64"/>
    <property name="java.vm.specification.name" value="Java Virtual Machine Specification"/>
    <property name="sun.os.patch.level" value=""/>
    <property name="native.encoding" value="Cp1252"/>
    <property name="java.library.path" value="D:\java\jdk-17.0.10\bin;C:\Windows\Sun\Java\bin;C:\Windows\system32;C:\Windows;C:\Program Files\Mozilla Firefox;C:\ProgramData\Oracle\Java\javapath;C:\Program Files\Common Files\Oracle\Java\javapath;C:\Windows\system32;C:\Windows;C:\Windows\System32\Wbem;C:\Windows\System32\WindowsPowerShell\v1.0\;C:\Windows\System32\OpenSSH\;C:\Program Files\Git\cmd;C:\Program Files\nodejs\;C:\Program Files\Docker\Docker\resources\bin;C:\Users\eyous\AppData\Local\Android\Sdk\platform-tools;C:\Program Files\MongoDB\Server\8.0\bin;C:\Users\eyous\AppData\Local\Programs\mongosh\;;C:\Program Files\NVIDIA Corporation\NVIDIA app\NvDLISR;C:\Users\eyous\AppData\Local\Programs\Python\Python310\Scripts\;C:\Users\eyous\AppData\Local\Programs\Python\Python310\;C:\Users\eyous\AppData\Local\Programs\Python\Python312\Scripts\;C:\Users\eyous\AppData\Local\Programs\Python\Python312\;C:\Users\eyous\AppData\Local\Microsoft\WindowsApps;C:\Users\eyous\AppData\Local\Programs\Microsoft VS Code\bin;C:\Users\eyous\AppData\Roaming\npm;C:\msys64\mingw64\bin;C:\Users\eyous\AppData\Local\Programs\Ollama;C:\Users\eyous\AppData\Local\Programs\mongosh\;D:\java\apache-maven-3.9.4\bin;D:\java\jdk-17.0.10\bin;;."/>
    <property name="java.vm.info" value="mixed mode, sharing"/>
    <property name="java.vendor" value="Oracle Corporation"/>
    <property name="java.vm.version" value="17.0.10+11-LTS-240"/>
    <property name="sun.io.unicode.encoding" value="UnicodeLittle"/>
    <property name="java.class.version" value="61.0"/>
  </properties>
  <testcase name="testWaterHeatingNominalCaseWithHamcrest" classname="fr.imt.coffee.machine.component.ElectricalResistanceTest" time="4.408">
    <system-out><![CDATA[16:42:42.297 [main] INFO  fr.imt.coffee.machine.component.ElectricalResistance - Water heating time : 4389.0
16:42:42.305 [main] INFO  fr.imt.coffee.machine.component.ElectricalResistance - Water heating...
16:42:46.695 [main] INFO  fr.imt.coffee.machine.component.ElectricalResistance - Water heating OK
]]></system-out>
  </testcase>
  <testcase name="testWaterHeatingNominalCaseWithJUnit" classname="fr.imt.coffee.machine.component.ElectricalResistanceTest" time="4.396">
    <system-out><![CDATA[16:42:46.700 [main] INFO  fr.imt.coffee.machine.component.ElectricalResistance - Water heating time : 4389.0
16:42:46.701 [main] INFO  fr.imt.coffee.machine.component.ElectricalResistance - Water heating...
16:42:51.090 [main] INFO  fr.imt.coffee.machine.component.ElectricalResistance - Water heating OK
]]></system-out>
  </testcase>
</testsuite>